version https://git-lfs.github.com/spec/v1
oid sha256:ff047aa63006abaa165802cd79d9c16b6da0372dd50f29a9c001dc8f757cdab2
size 1245
