version https://git-lfs.github.com/spec/v1
oid sha256:609b3015b6cb58947168ad10d0839ea0ce39e65ddb49ee68c0ad0462cf8b9860
size 2557
