version https://git-lfs.github.com/spec/v1
oid sha256:4149fd8898bbf1414c005d84f3a28fe9afec52c41bbea32a5d844a2237d239ec
size 1254
