version https://git-lfs.github.com/spec/v1
oid sha256:dc7c0b5bb34621ebb21dfc8b095b4c23e258e899dcf2164656e9c9a40e14c385
size 5513
